  Game.cpp
E:\Code\Visual Studio\Projects\Ball\Game.cpp(131,45): warning C4244: “=”: 从“int”转换到“float”，可能丢失数据
E:\Code\Visual Studio\Projects\Ball\Game.cpp(132,45): warning C4244: “=”: 从“int”转换到“float”，可能丢失数据
E:\Code\Visual Studio\Projects\Ball\Game.cpp(135,32): warning C4244: “初始化”: 从“double”转换到“float”，可能丢失数据
E:\Code\Visual Studio\Projects\Ball\Game.cpp(161,46): warning C4244: “=”: 从“int”转换到“float”，可能丢失数据
E:\Code\Visual Studio\Projects\Ball\Game.cpp(209,24): warning C4244: “初始化”: 从“double”转换到“float”，可能丢失数据
E:\Code\Visual Studio\Projects\Ball\Game.cpp(265,22): warning C4244: “初始化”: 从“double”转换到“float”，可能丢失数据
E:\Code\Visual Studio\Projects\Ball\Game.cpp(266,22): warning C4244: “初始化”: 从“double”转换到“float”，可能丢失数据
E:\Code\Visual Studio\Projects\Ball\Game.cpp(276,18): warning C4244: “初始化”: 从“double”转换到“float”，可能丢失数据
E:\Code\Visual Studio\Projects\Ball\Game.cpp(277,18): warning C4244: “初始化”: 从“double”转换到“float”，可能丢失数据
E:\Code\Visual Studio\Projects\Ball\Game.cpp(290,23): warning C4244: “初始化”: 从“double”转换到“float”，可能丢失数据
E:\Code\Visual Studio\Projects\Ball\Game.cpp(291,23): warning C4244: “初始化”: 从“double”转换到“float”，可能丢失数据
E:\Code\Visual Studio\Projects\Ball\Game.cpp(339,29): warning C4244: “初始化”: 从“double”转换到“float”，可能丢失数据
E:\Code\Visual Studio\Projects\Ball\Game.cpp(340,41): warning C4244: “=”: 从“double”转换到“float”，可能丢失数据
E:\Code\Visual Studio\Projects\Ball\Game.cpp(341,41): warning C4244: “=”: 从“double”转换到“float”，可能丢失数据
E:\Code\Visual Studio\Projects\Ball\Game.cpp(345,29): warning C4244: “初始化”: 从“double”转换到“float”，可能丢失数据
E:\Code\Visual Studio\Projects\Ball\Game.cpp(347,41): warning C4244: “=”: 从“double”转换到“float”，可能丢失数据
E:\Code\Visual Studio\Projects\Ball\Game.cpp(348,41): warning C4244: “=”: 从“double”转换到“float”，可能丢失数据
E:\Code\Visual Studio\Projects\Ball\Game.cpp(352,29): warning C4244: “=”: 从“double”转换到“float”，可能丢失数据
E:\Code\Visual Studio\Projects\Ball\Game.cpp(353,29): warning C4244: “=”: 从“double”转换到“float”，可能丢失数据
E:\Code\Visual Studio\Projects\Ball\Game.cpp(359,36): warning C4244: “=”: 从“double”转换到“float”，可能丢失数据
E:\Code\Visual Studio\Projects\Ball\Game.cpp(360,36): warning C4244: “=”: 从“double”转换到“float”，可能丢失数据
E:\Code\Visual Studio\Projects\Ball\Game.cpp(369,52): warning C4244: “=”: 从“double”转换到“float”，可能丢失数据
E:\Code\Visual Studio\Projects\Ball\Game.cpp(370,52): warning C4244: “=”: 从“double”转换到“float”，可能丢失数据
E:\Code\Visual Studio\Projects\Ball\Game.cpp(379,37): warning C4244: “=”: 从“double”转换到“float”，可能丢失数据
E:\Code\Visual Studio\Projects\Ball\Game.cpp(380,37): warning C4244: “=”: 从“double”转换到“float”，可能丢失数据
E:\Code\Visual Studio\Projects\Ball\Game.cpp(383,29): warning C4244: “=”: 从“double”转换到“float”，可能丢失数据
E:\Code\Visual Studio\Projects\Ball\Game.cpp(384,29): warning C4244: “=”: 从“double”转换到“float”，可能丢失数据
E:\Code\Visual Studio\Projects\Ball\Game.cpp(394,18): warning C4244: “初始化”: 从“double”转换到“float”，可能丢失数据
E:\Code\Visual Studio\Projects\Ball\Game.cpp(395,18): warning C4244: “初始化”: 从“double”转换到“float”，可能丢失数据
E:\Code\Visual Studio\Projects\Ball\Game.cpp(407,36): warning C4244: “=”: 从“double”转换到“float”，可能丢失数据
E:\Code\Visual Studio\Projects\Ball\Game.cpp(408,36): warning C4244: “=”: 从“double”转换到“float”，可能丢失数据
E:\Code\Visual Studio\Projects\Ball\Game.cpp(415,18): warning C4244: “初始化”: 从“double”转换到“float”，可能丢失数据
E:\Code\Visual Studio\Projects\Ball\Game.cpp(416,18): warning C4244: “初始化”: 从“double”转换到“float”，可能丢失数据
E:\Code\Visual Studio\Projects\Ball\Game.cpp(439,28): warning C4244: “初始化”: 从“double”转换到“float”，可能丢失数据
E:\Code\Visual Studio\Projects\Ball\Game.cpp(450,43): warning C4244: “=”: 从“double”转换到“float”，可能丢失数据
E:\Code\Visual Studio\Projects\Ball\Game.cpp(451,43): warning C4244: “=”: 从“double”转换到“float”，可能丢失数据
E:\Code\Visual Studio\Projects\Ball\Game.cpp(707,41): warning C4244: “=”: 从“int”转换到“float”，可能丢失数据
E:\Code\Visual Studio\Projects\Ball\Game.cpp(708,41): warning C4244: “=”: 从“int”转换到“float”，可能丢失数据
E:\Code\Visual Studio\Projects\Ball\Game.cpp(711,28): warning C4244: “初始化”: 从“double”转换到“float”，可能丢失数据
E:\Code\Visual Studio\Projects\Ball\Game.cpp(722,41): warning C4244: “=”: 从“int”转换到“float”，可能丢失数据
E:\Code\Visual Studio\Projects\Ball\Game.cpp(723,41): warning C4244: “=”: 从“int”转换到“float”，可能丢失数据
E:\Code\Visual Studio\Projects\Ball\Game.cpp(745,46): warning C4244: “=”: 从“int”转换到“float”，可能丢失数据
  Ball.vcxproj -> E:\Code\Visual Studio\Projects\Ball\x64\Debug\Ball.exe
